2024-11-10 14:24:28,017 INFO o.a.j.u.JMeterUtils: Setting Locale to en_EN
2024-11-10 14:24:28,071 INFO o.a.j.JMeter: Loading user properties from: /usr/local/Cellar/jmeter/5.6.3/libexec/bin/user.properties
2024-11-10 14:24:28,073 INFO o.a.j.JMeter: Loading system properties from: /usr/local/Cellar/jmeter/5.6.3/libexec/bin/system.properties
2024-11-10 14:24:28,087 INFO o.a.j.JMeter: Copyright (c) 1998-2024 The Apache Software Foundation
2024-11-10 14:24:28,087 INFO o.a.j.JMeter: Version 5.6.3
2024-11-10 14:24:28,087 INFO o.a.j.JMeter: java.version=21.0.5
2024-11-10 14:24:28,087 INFO o.a.j.JMeter: java.vm.name=OpenJDK 64-Bit Server VM
2024-11-10 14:24:28,087 INFO o.a.j.JMeter: os.name=Mac OS X
2024-11-10 14:24:28,087 INFO o.a.j.JMeter: os.arch=x86_64
2024-11-10 14:24:28,087 INFO o.a.j.JMeter: os.version=15.0.1
2024-11-10 14:24:28,087 INFO o.a.j.JMeter: file.encoding=UTF-8
2024-11-10 14:24:28,088 INFO o.a.j.JMeter: java.awt.headless=null
2024-11-10 14:24:28,088 INFO o.a.j.JMeter: Max memory     =1073741824
2024-11-10 14:24:28,088 INFO o.a.j.JMeter: Available Processors =8
2024-11-10 14:24:28,104 INFO o.a.j.JMeter: Default Locale=English (EN)
2024-11-10 14:24:28,105 INFO o.a.j.JMeter: JMeter  Locale=English (EN)
2024-11-10 14:24:28,105 INFO o.a.j.JMeter: JMeterHome=/usr/local/Cellar/jmeter/5.6.3/libexec
2024-11-10 14:24:28,105 INFO o.a.j.JMeter: user.dir  =/Users/hieuhoang/Desktop/Projects/EmployeeCRUD
2024-11-10 14:24:28,105 INFO o.a.j.JMeter: PWD       =/Users/hieuhoang/Desktop/Projects/EmployeeCRUD
2024-11-10 14:24:28,108 INFO o.a.j.JMeter: IP: 127.0.0.1 Name: hiu2.local FullName: localhost
2024-11-10 14:24:28,133 INFO o.a.j.JMeter: Loaded icon properties from org/apache/jmeter/images/icon.properties
